# Section A
# Q1
cd cs131
mkdir a1
cd a1

# Q2
echo $HOME

# Q3
id

# Q4
ls /proc/ | grep mem
ls /proc/ | grep cpu

# Q5
head -n 10 /proc/meminfo

# Q6
head -n 10 /proc/cpuinfo
tail -n 10 /proc/cpuinfo
cat /proc/cpuinfo

# Q7
ls /etc/ | grep release
cat /etc/os-release

# Section B
# Q8
awk -F, '$2 ~ /^"2019-05-12/ {total += $17; count++} END {print total/count}' taxidata/2019-05.csv | bc

# Q9
awk -F, '$2 ~ /^"2019-05-12/ && $17 > max {max = $17} END {print max}' taxidata/2019-05.csv | bc

# Q10
awk -F, '$2 ~ /^"2019-05-12/ && $4 >= 3 {print $8}' taxidata/2019-05.csv | sort | uniq -c | sort -nr | head -n 10
